[debug] [2019-02-12T00:20:27.556Z] ----------------------------------------------------------------------
[debug] [2019-02-12T00:20:27.560Z] Command:       C:\Program Files\nodejs\node.exe C:\Users\hyunsang.cho\AppData\Roaming\npm\node_modules\firebase-tools\lib\bin\firebase.js serve
[debug] [2019-02-12T00:20:27.560Z] CLI Version:   6.3.1
[debug] [2019-02-12T00:20:27.560Z] Platform:      win32
[debug] [2019-02-12T00:20:27.560Z] Node Version:  v10.15.1
[debug] [2019-02-12T00:20:27.564Z] Time:          Tue Feb 12 2019 09:20:27 GMT+0900 (GMT+09:00)
[debug] [2019-02-12T00:20:27.564Z] ----------------------------------------------------------------------
[debug] 
[debug] [2019-02-12T00:20:27.594Z] > command requires scopes: ["email","openid","https://www.googleapis.com/auth/cloudplatformprojects.readonly","https://www.googleapis.com/auth/firebase","https://www.googleapis.com/auth/cloud-platform"]
[debug] [2019-02-12T00:20:27.595Z] > authorizing via signed-in user
[debug] [2019-02-12T00:20:27.595Z] [iam] checking project jambam-gbook for permissions ["firebase.projects.get"]
[debug] [2019-02-12T00:20:27.597Z] >>> HTTP REQUEST POST https://cloudresourcemanager.googleapis.com/v1/projects/jambam-gbook:testIamPermissions  

[debug] [2019-02-12T00:20:28.935Z] <<< HTTP RESPONSE 200
[debug] [2019-02-12T00:20:28.938Z] >>> HTTP REQUEST GET https://cloudresourcemanager.googleapis.com/v1/projects/jambam-gbook  
 
[debug] [2019-02-12T00:20:30.085Z] <<< HTTP RESPONSE 200
[info] 
[info] === Serving from 'C:\Users\hyunsang.cho\Desktop\test\gbook'...
[info] 
[debug] [2019-02-12T00:20:30.089Z] >>> HTTP REQUEST GET https://mobilesdk-pa.googleapis.com/v1/projects/458777170648/clients/_:getWebAppConfig  
 
[debug] [2019-02-12T00:20:30.833Z] <<< HTTP RESPONSE 200
[info] i  hosting: Serving hosting files from: public
[info] +  hosting: Local server: http://localhost:5000
